Compiling the C compiler identification source file "CMakeCCompilerId.c" failed.
Compiler: /usr/local/bin/gcc-7 
Build flags: 
Id flags:  

The output was:
4
dyld: Library not loaded: /usr/local/opt/isl/lib/libisl.21.dylib
  Referenced from: /usr/local/Cellar/gcc@7/7.4.0_2/libexec/gcc/x86_64-apple-darwin18.5.0/7.4.0/cc1
  Reason: image not found
gcc-7: internal compiler error: Abort trap: 6 (program cc1)
Please submit a full bug report,
with preprocessed source if appropriate.
See <https://github.com/Homebrew/homebrew-core/issues> for instructions.


Compiling the C compiler identification source file "CMakeCCompilerId.c" failed.
Compiler: /usr/local/bin/gcc-7 
Build flags: 
Id flags: -c 

The output was:
4
dyld: Library not loaded: /usr/local/opt/isl/lib/libisl.21.dylib
  Referenced from: /usr/local/Cellar/gcc@7/7.4.0_2/libexec/gcc/x86_64-apple-darwin18.5.0/7.4.0/cc1
  Reason: image not found
gcc-7: internal compiler error: Abort trap: 6 (program cc1)
Please submit a full bug report,
with preprocessed source if appropriate.
See <https://github.com/Homebrew/homebrew-core/issues> for instructions.


Compiling the C compiler identification source file "CMakeCCompilerId.c" failed.
Compiler: /usr/local/bin/gcc-7 
Build flags: 
Id flags: -Aa 

The output was:
4
dyld: Library not loaded: /usr/local/opt/isl/lib/libisl.21.dylib
  Referenced from: /usr/local/Cellar/gcc@7/7.4.0_2/libexec/gcc/x86_64-apple-darwin18.5.0/7.4.0/cc1
  Reason: image not found
gcc-7: internal compiler error: Abort trap: 6 (program cc1)
Please submit a full bug report,
with preprocessed source if appropriate.
See <https://github.com/Homebrew/homebrew-core/issues> for instructions.


Compiling the C compiler identification source file "CMakeCCompilerId.c" failed.
Compiler: /usr/local/bin/gcc-7 
Build flags: 
Id flags: -D__CLASSIC_C__ 

The output was:
4
dyld: Library not loaded: /usr/local/opt/isl/lib/libisl.21.dylib
  Referenced from: /usr/local/Cellar/gcc@7/7.4.0_2/libexec/gcc/x86_64-apple-darwin18.5.0/7.4.0/cc1
  Reason: image not found
gcc-7: internal compiler error: Abort trap: 6 (program cc1)
Please submit a full bug report,
with preprocessed source if appropriate.
See <https://github.com/Homebrew/homebrew-core/issues> for instructions.


Compiling the C compiler identification source file "CMakeCCompilerId.c" failed.
Compiler: /usr/local/bin/gcc-7 
Build flags: 
Id flags: --target=arm-arm-none-eabi;-mcpu=cortex-m3 

The output was:
1
gcc-7: warning: '-mcpu=' is deprecated; use '-mtune=' or '-march=' instead
gcc-7: error: unrecognized command line option '--target=arm-arm-none-eabi'


Compiling the C compiler identification source file "CMakeCCompilerId.c" failed.
Compiler: /usr/local/bin/gcc-7 
Build flags: 
Id flags:  

The output was:
4
dyld: Library not loaded: /usr/local/opt/isl/lib/libisl.21.dylib
  Referenced from: /usr/local/Cellar/gcc@7/7.4.0_2/libexec/gcc/x86_64-apple-darwin18.5.0/7.4.0/cc1
  Reason: image not found
gcc-7: internal compiler error: Abort trap: 6 (program cc1)
Please submit a full bug report,
with preprocessed source if appropriate.
See <https://github.com/Homebrew/homebrew-core/issues> for instructions.


Compiling the C compiler identification source file "CMakeCCompilerId.c" failed.
Compiler: /usr/local/bin/gcc-7 
Build flags: 
Id flags: -c 

The output was:
4
dyld: Library not loaded: /usr/local/opt/isl/lib/libisl.21.dylib
  Referenced from: /usr/local/Cellar/gcc@7/7.4.0_2/libexec/gcc/x86_64-apple-darwin18.5.0/7.4.0/cc1
  Reason: image not found
gcc-7: internal compiler error: Abort trap: 6 (program cc1)
Please submit a full bug report,
with preprocessed source if appropriate.
See <https://github.com/Homebrew/homebrew-core/issues> for instructions.


Compiling the C compiler identification source file "CMakeCCompilerId.c" failed.
Compiler: /usr/local/bin/gcc-7 
Build flags: 
Id flags: -Aa 

The output was:
4
dyld: Library not loaded: /usr/local/opt/isl/lib/libisl.21.dylib
  Referenced from: /usr/local/Cellar/gcc@7/7.4.0_2/libexec/gcc/x86_64-apple-darwin18.5.0/7.4.0/cc1
  Reason: image not found
gcc-7: internal compiler error: Abort trap: 6 (program cc1)
Please submit a full bug report,
with preprocessed source if appropriate.
See <https://github.com/Homebrew/homebrew-core/issues> for instructions.


Compiling the C compiler identification source file "CMakeCCompilerId.c" failed.
Compiler: /usr/local/bin/gcc-7 
Build flags: 
Id flags: -D__CLASSIC_C__ 

The output was:
4
dyld: Library not loaded: /usr/local/opt/isl/lib/libisl.21.dylib
  Referenced from: /usr/local/Cellar/gcc@7/7.4.0_2/libexec/gcc/x86_64-apple-darwin18.5.0/7.4.0/cc1
  Reason: image not found
gcc-7: internal compiler error: Abort trap: 6 (program cc1)
Please submit a full bug report,
with preprocessed source if appropriate.
See <https://github.com/Homebrew/homebrew-core/issues> for instructions.


Compiling the C compiler identification source file "CMakeCCompilerId.c" failed.
Compiler: /usr/local/bin/gcc-7 
Build flags: 
Id flags: --target=arm-arm-none-eabi;-mcpu=cortex-m3 

The output was:
1
gcc-7: warning: '-mcpu=' is deprecated; use '-mtune=' or '-march=' instead
gcc-7: error: unrecognized command line option '--target=arm-arm-none-eabi'


Checking whether the C compiler is IAR using "" did not match "IAR .+ Compiler":
gcc-7: fatal error: no input files
compilation terminated.
Checking whether the C compiler is IAR using "" did not match "IAR .+ Compiler":
gcc-7: fatal error: no input files
compilation terminated.
Compiling the CXX compiler identification source file "CMakeCXXCompilerId.cpp" failed.
Compiler: /usr/local/bin/g++-7 
Build flags: 
Id flags:  

The output was:
4
dyld: Library not loaded: /usr/local/opt/isl/lib/libisl.21.dylib
  Referenced from: /usr/local/Cellar/gcc@7/7.4.0_2/libexec/gcc/x86_64-apple-darwin18.5.0/7.4.0/cc1plus
  Reason: image not found
g++-7: internal compiler error: Abort trap: 6 (program cc1plus)
Please submit a full bug report,
with preprocessed source if appropriate.
See <https://github.com/Homebrew/homebrew-core/issues> for instructions.


Compiling the CXX compiler identification source file "CMakeCXXCompilerId.cpp" failed.
Compiler: /usr/local/bin/g++-7 
Build flags: 
Id flags: -c 

The output was:
4
dyld: Library not loaded: /usr/local/opt/isl/lib/libisl.21.dylib
  Referenced from: /usr/local/Cellar/gcc@7/7.4.0_2/libexec/gcc/x86_64-apple-darwin18.5.0/7.4.0/cc1plus
  Reason: image not found
g++-7: internal compiler error: Abort trap: 6 (program cc1plus)
Please submit a full bug report,
with preprocessed source if appropriate.
See <https://github.com/Homebrew/homebrew-core/issues> for instructions.


Compiling the CXX compiler identification source file "CMakeCXXCompilerId.cpp" failed.
Compiler: /usr/local/bin/g++-7 
Build flags: 
Id flags: --c++ 

The output was:
1
g++-7: error: unrecognized command line option '--c++'


Compiling the CXX compiler identification source file "CMakeCXXCompilerId.cpp" failed.
Compiler: /usr/local/bin/g++-7 
Build flags: 
Id flags: --ec++ 

The output was:
1
g++-7: error: unrecognized command line option '--ec++'; did you mean '-Weffc++'?


Compiling the CXX compiler identification source file "CMakeCXXCompilerId.cpp" failed.
Compiler: /usr/local/bin/g++-7 
Build flags: 
Id flags: --target=arm-arm-none-eabi;-mcpu=cortex-m3 

The output was:
1
g++-7: warning: '-mcpu=' is deprecated; use '-mtune=' or '-march=' instead
g++-7: error: unrecognized command line option '--target=arm-arm-none-eabi'


Compiling the CXX compiler identification source file "CMakeCXXCompilerId.cpp" failed.
Compiler: /usr/local/bin/g++-7 
Build flags: 
Id flags:  

The output was:
4
dyld: Library not loaded: /usr/local/opt/isl/lib/libisl.21.dylib
  Referenced from: /usr/local/Cellar/gcc@7/7.4.0_2/libexec/gcc/x86_64-apple-darwin18.5.0/7.4.0/cc1plus
  Reason: image not found
g++-7: internal compiler error: Abort trap: 6 (program cc1plus)
Please submit a full bug report,
with preprocessed source if appropriate.
See <https://github.com/Homebrew/homebrew-core/issues> for instructions.


Compiling the CXX compiler identification source file "CMakeCXXCompilerId.cpp" failed.
Compiler: /usr/local/bin/g++-7 
Build flags: 
Id flags: -c 

The output was:
4
dyld: Library not loaded: /usr/local/opt/isl/lib/libisl.21.dylib
  Referenced from: /usr/local/Cellar/gcc@7/7.4.0_2/libexec/gcc/x86_64-apple-darwin18.5.0/7.4.0/cc1plus
  Reason: image not found
g++-7: internal compiler error: Abort trap: 6 (program cc1plus)
Please submit a full bug report,
with preprocessed source if appropriate.
See <https://github.com/Homebrew/homebrew-core/issues> for instructions.


Compiling the CXX compiler identification source file "CMakeCXXCompilerId.cpp" failed.
Compiler: /usr/local/bin/g++-7 
Build flags: 
Id flags: --c++ 

The output was:
1
g++-7: error: unrecognized command line option '--c++'


Compiling the CXX compiler identification source file "CMakeCXXCompilerId.cpp" failed.
Compiler: /usr/local/bin/g++-7 
Build flags: 
Id flags: --ec++ 

The output was:
1
g++-7: error: unrecognized command line option '--ec++'; did you mean '-Weffc++'?


Compiling the CXX compiler identification source file "CMakeCXXCompilerId.cpp" failed.
Compiler: /usr/local/bin/g++-7 
Build flags: 
Id flags: --target=arm-arm-none-eabi;-mcpu=cortex-m3 

The output was:
1
g++-7: warning: '-mcpu=' is deprecated; use '-mtune=' or '-march=' instead
g++-7: error: unrecognized command line option '--target=arm-arm-none-eabi'


Checking whether the CXX compiler is IAR using "" did not match "IAR .+ Compiler":
g++-7: fatal error: no input files
compilation terminated.
Checking whether the CXX compiler is IAR using "" did not match "IAR .+ Compiler":
g++-7: fatal error: no input files
compilation terminated.
Detecting C compiler ABI info failed to compile with the following output:
Change Dir: /Users/estankevich/CLionProjects/stanford_algorithms/CMakeFiles/CMakeTmp

Run Build Command(s):/usr/bin/make cmTC_f265b/fast && /Applications/Xcode.app/Contents/Developer/usr/bin/make  -f CMakeFiles/cmTC_f265b.dir/build.make CMakeFiles/cmTC_f265b.dir/build
Building C object CMakeFiles/cmTC_f265b.dir/CMakeCCompilerABI.c.o
/usr/local/bin/gcc-7    -o CMakeFiles/cmTC_f265b.dir/CMakeCCompilerABI.c.o -c /usr/local/Cellar/cmake/3.19.2/share/cmake/Modules/CMakeCCompilerABI.c
dyld: Library not loaded: /usr/local/opt/isl/lib/libisl.21.dylib
  Referenced from: /usr/local/Cellar/gcc@7/7.4.0_2/libexec/gcc/x86_64-apple-darwin18.5.0/7.4.0/cc1
  Reason: image not found
gcc-7: internal compiler error: Abort trap: 6 (program cc1)
Please submit a full bug report,
with preprocessed source if appropriate.
See <https://github.com/Homebrew/homebrew-core/issues> for instructions.
make[1]: *** [CMakeFiles/cmTC_f265b.dir/CMakeCCompilerABI.c.o] Error 4
make: *** [cmTC_f265b/fast] Error 2




Determining if the C compiler works failed with the following output:
Change Dir: /Users/estankevich/CLionProjects/stanford_algorithms/CMakeFiles/CMakeTmp

Run Build Command(s):/usr/bin/make cmTC_7f588/fast && /Applications/Xcode.app/Contents/Developer/usr/bin/make  -f CMakeFiles/cmTC_7f588.dir/build.make CMakeFiles/cmTC_7f588.dir/build
Building C object CMakeFiles/cmTC_7f588.dir/testCCompiler.c.o
/usr/local/bin/gcc-7    -o CMakeFiles/cmTC_7f588.dir/testCCompiler.c.o -c /Users/estankevich/CLionProjects/stanford_algorithms/CMakeFiles/CMakeTmp/testCCompiler.c
dyld: Library not loaded: /usr/local/opt/isl/lib/libisl.21.dylib
  Referenced from: /usr/local/Cellar/gcc@7/7.4.0_2/libexec/gcc/x86_64-apple-darwin18.5.0/7.4.0/cc1
  Reason: image not found
gcc-7: internal compiler error: Abort trap: 6 (program cc1)
Please submit a full bug report,
with preprocessed source if appropriate.
See <https://github.com/Homebrew/homebrew-core/issues> for instructions.
make[1]: *** [CMakeFiles/cmTC_7f588.dir/testCCompiler.c.o] Error 4
make: *** [cmTC_7f588/fast] Error 2



